<?xml version="1.0" encoding="UTF-8"?>
<!-- Generated by org.testng.reporters.JUnitReportReporter -->
<testsuite hostname="ANGELLA_PC" failures="0" tests="1" name="com.SQLSecurityProbe.test.SqlInjectionTest" time="181.099" errors="0" timestamp="2024-08-13T12:54:18 BST" skipped="0">
  <testcase classname="com.SQLSecurityProbe.test.SqlInjectionTest" name="sqlInjectionTest" time="181.099"/>
  <system-out/>
</testsuite> <!-- com.SQLSecurityProbe.test.SqlInjectionTest -->
