<?xml version="1.0" encoding="UTF-8"?>
<!-- Generated by org.testng.reporters.JUnitReportReporter -->
<testsuite hostname="ANGELLA_PC" failures="0" tests="1" name="com.SQLSecurityProbe.test.ZAPTest2" time="24.326" errors="0" timestamp="2024-08-07T21:23:54 BST" skipped="0">
  <testcase classname="com.SQLSecurityProbe.test.ZAPTest2" name="juiceShopSecurityTest" time="24.326"/>
  <system-out/>
</testsuite> <!-- com.SQLSecurityProbe.test.ZAPTest2 -->
