<?xml version="1.0" encoding="UTF-8"?>
<!-- Generated by org.testng.reporters.JUnitReportReporter -->
<testsuite hostname="ANGELLA_PC" failures="0" tests="1" name="com.SQLSecurityProbe.test.ZAPTest1" time="58.056" errors="0" timestamp="2024-08-05T13:02:36 BST" skipped="0">
  <testcase classname="com.SQLSecurityProbe.test.ZAPTest1" name="juiceShopSecurityTest" time="58.056"/>
  <system-out/>
</testsuite> <!-- com.SQLSecurityProbe.test.ZAPTest1 -->
