<?xml version="1.0" encoding="UTF-8"?>
<!-- Generated by org.testng.reporters.JUnitReportReporter -->
<testsuite hostname="ANGELLA_PC" failures="0" tests="1" name="com.SQLSecurityProbe.test.ZapTest" time="5.032" errors="0" timestamp="2024-08-05T08:52:51 BST" skipped="0">
  <testcase classname="com.SQLSecurityProbe.test.ZapTest" name="amazonSecurityTest" time="5.032"/>
  <system-out/>
</testsuite> <!-- com.SQLSecurityProbe.test.ZapTest -->
